c:\users\marko\desktop\fakultet\7.semestar\racunarska-grafika\projekat\synth-city-radio-2d\synthcityradio2d\synthcityradio2d\x64\debug\vc143.pdb
c:\users\marko\desktop\fakultet\7.semestar\racunarska-grafika\projekat\synth-city-radio-2d\synthcityradio2d\synthcityradio2d\x64\debug\vc143.idb
c:\users\marko\desktop\fakultet\7.semestar\racunarska-grafika\projekat\synth-city-radio-2d\synthcityradio2d\synthcityradio2d\x64\debug\main.obj
c:\users\marko\desktop\fakultet\7.semestar\racunarska-grafika\projekat\synth-city-radio-2d\synthcityradio2d\synthcityradio2d\x64\debug\graphics_utils.obj
c:\users\marko\desktop\fakultet\7.semestar\racunarska-grafika\projekat\synth-city-radio-2d\synthcityradio2d\synthcityradio2d\x64\debug\music_utils.obj
c:\users\marko\desktop\fakultet\7.semestar\racunarska-grafika\projekat\synth-city-radio-2d\synthcityradio2d\x64\debug\synthcityradio2d.exe
c:\users\marko\desktop\fakultet\7.semestar\racunarska-grafika\projekat\synth-city-radio-2d\synthcityradio2d\x64\debug\synthcityradio2d.pdb
c:\users\marko\desktop\fakultet\7.semestar\racunarska-grafika\projekat\synth-city-radio-2d\synthcityradio2d\synthcityradio2d\x64\debug\synthcityradio2d.res
c:\users\marko\desktop\fakultet\7.semestar\racunarska-grafika\projekat\synth-city-radio-2d\synthcityradio2d\synthcityradio2d\x64\debug\synthcityradio2d.ilk
c:\users\marko\desktop\fakultet\7.semestar\racunarska-grafika\projekat\synth-city-radio-2d\synthcityradio2d\synthcityradio2d\x64\debug\source.obj
c:\users\marko\desktop\fakultet\7.semestar\racunarska-grafika\projekat\synth-city-radio-2d\synthcityradio2d\synthcityradio2d\x64\debug\synthcityradio2d.tlog\cl.command.1.tlog
c:\users\marko\desktop\fakultet\7.semestar\racunarska-grafika\projekat\synth-city-radio-2d\synthcityradio2d\synthcityradio2d\x64\debug\synthcityradio2d.tlog\cl.items.tlog
c:\users\marko\desktop\fakultet\7.semestar\racunarska-grafika\projekat\synth-city-radio-2d\synthcityradio2d\synthcityradio2d\x64\debug\synthcityradio2d.tlog\cl.read.1.tlog
c:\users\marko\desktop\fakultet\7.semestar\racunarska-grafika\projekat\synth-city-radio-2d\synthcityradio2d\synthcityradio2d\x64\debug\synthcityradio2d.tlog\cl.write.1.tlog
c:\users\marko\desktop\fakultet\7.semestar\racunarska-grafika\projekat\synth-city-radio-2d\synthcityradio2d\synthcityradio2d\x64\debug\synthcityradio2d.tlog\link-cvtres.read.1.tlog
c:\users\marko\desktop\fakultet\7.semestar\racunarska-grafika\projekat\synth-city-radio-2d\synthcityradio2d\synthcityradio2d\x64\debug\synthcityradio2d.tlog\link-cvtres.write.1.tlog
c:\users\marko\desktop\fakultet\7.semestar\racunarska-grafika\projekat\synth-city-radio-2d\synthcityradio2d\synthcityradio2d\x64\debug\synthcityradio2d.tlog\link-rc.read.1.tlog
c:\users\marko\desktop\fakultet\7.semestar\racunarska-grafika\projekat\synth-city-radio-2d\synthcityradio2d\synthcityradio2d\x64\debug\synthcityradio2d.tlog\link-rc.write.1.tlog
c:\users\marko\desktop\fakultet\7.semestar\racunarska-grafika\projekat\synth-city-radio-2d\synthcityradio2d\synthcityradio2d\x64\debug\synthcityradio2d.tlog\link.20160-cvtres.read.1.tlog
c:\users\marko\desktop\fakultet\7.semestar\racunarska-grafika\projekat\synth-city-radio-2d\synthcityradio2d\synthcityradio2d\x64\debug\synthcityradio2d.tlog\link.20160-cvtres.write.1.tlog
c:\users\marko\desktop\fakultet\7.semestar\racunarska-grafika\projekat\synth-city-radio-2d\synthcityradio2d\synthcityradio2d\x64\debug\synthcityradio2d.tlog\link.20160-rc.read.1.tlog
c:\users\marko\desktop\fakultet\7.semestar\racunarska-grafika\projekat\synth-city-radio-2d\synthcityradio2d\synthcityradio2d\x64\debug\synthcityradio2d.tlog\link.20160-rc.write.1.tlog
c:\users\marko\desktop\fakultet\7.semestar\racunarska-grafika\projekat\synth-city-radio-2d\synthcityradio2d\synthcityradio2d\x64\debug\synthcityradio2d.tlog\link.20160.read.1.tlog
c:\users\marko\desktop\fakultet\7.semestar\racunarska-grafika\projekat\synth-city-radio-2d\synthcityradio2d\synthcityradio2d\x64\debug\synthcityradio2d.tlog\link.20160.read.2.tlog
c:\users\marko\desktop\fakultet\7.semestar\racunarska-grafika\projekat\synth-city-radio-2d\synthcityradio2d\synthcityradio2d\x64\debug\synthcityradio2d.tlog\link.20160.read.3.tlog
c:\users\marko\desktop\fakultet\7.semestar\racunarska-grafika\projekat\synth-city-radio-2d\synthcityradio2d\synthcityradio2d\x64\debug\synthcityradio2d.tlog\link.20160.read.5.tlog
c:\users\marko\desktop\fakultet\7.semestar\racunarska-grafika\projekat\synth-city-radio-2d\synthcityradio2d\synthcityradio2d\x64\debug\synthcityradio2d.tlog\link.20160.write.1.tlog
c:\users\marko\desktop\fakultet\7.semestar\racunarska-grafika\projekat\synth-city-radio-2d\synthcityradio2d\synthcityradio2d\x64\debug\synthcityradio2d.tlog\link.command.1.tlog
c:\users\marko\desktop\fakultet\7.semestar\racunarska-grafika\projekat\synth-city-radio-2d\synthcityradio2d\synthcityradio2d\x64\debug\synthcityradio2d.tlog\link.read.1.tlog
c:\users\marko\desktop\fakultet\7.semestar\racunarska-grafika\projekat\synth-city-radio-2d\synthcityradio2d\synthcityradio2d\x64\debug\synthcityradio2d.tlog\link.read.2.tlog
c:\users\marko\desktop\fakultet\7.semestar\racunarska-grafika\projekat\synth-city-radio-2d\synthcityradio2d\synthcityradio2d\x64\debug\synthcityradio2d.tlog\link.read.3.tlog
c:\users\marko\desktop\fakultet\7.semestar\racunarska-grafika\projekat\synth-city-radio-2d\synthcityradio2d\synthcityradio2d\x64\debug\synthcityradio2d.tlog\link.read.4.tlog
c:\users\marko\desktop\fakultet\7.semestar\racunarska-grafika\projekat\synth-city-radio-2d\synthcityradio2d\synthcityradio2d\x64\debug\synthcityradio2d.tlog\link.secondary.1.tlog
c:\users\marko\desktop\fakultet\7.semestar\racunarska-grafika\projekat\synth-city-radio-2d\synthcityradio2d\synthcityradio2d\x64\debug\synthcityradio2d.tlog\link.write.1.tlog
c:\users\marko\desktop\fakultet\7.semestar\racunarska-grafika\projekat\synth-city-radio-2d\synthcityradio2d\synthcityradio2d\x64\debug\synthcityradio2d.tlog\rc.command.1.tlog
c:\users\marko\desktop\fakultet\7.semestar\racunarska-grafika\projekat\synth-city-radio-2d\synthcityradio2d\synthcityradio2d\x64\debug\synthcityradio2d.tlog\rc.read.1.tlog
c:\users\marko\desktop\fakultet\7.semestar\racunarska-grafika\projekat\synth-city-radio-2d\synthcityradio2d\synthcityradio2d\x64\debug\synthcityradio2d.tlog\rc.write.1.tlog
